Build started 02-01-2019 11:20:12.
     1>Project "D:\Vishesh\Training\C++\Winsock\WinSock\Server\Server\Server.vcxproj" on node 2 (Build target(s)).
     1>ClCompile:
         C:\Program Files (x86)\Microsoft Visual Studio 14.0\VC\bin\x86_amd64\CL.exe /c /ZI /nologo /W3 /WX- /sdl /Od /D _DEBUG /D _CONSOLE /D _UNICODE /D UNICODE /Gm /EHsc /RTC1 /MDd /GS /fp:precise /Zc:wchar_t /Zc:forScope /Zc:inline /Fo"x64\Debug\\" /Fd"x64\Debug\vc140.pdb" /Gd /TP /errorReport:prompt Source.cpp
         Source.cpp
       Link:
         C:\Program Files (x86)\Microsoft Visual Studio 14.0\VC\bin\x86_amd64\link.exe /ERRORREPORT:PROMPT /OUT:"D:\Vishesh\Training\C++\Winsock\WinSock\Server\x64\Debug\Server.exe" /INCREMENTAL /NOLOGO kernel32.lib user32.lib gdi32.lib winspool.lib comdlg32.lib advapi32.lib shell32.lib ole32.lib oleaut32.lib uuid.lib odbc32.lib odbccp32.lib /MANIFEST /MANIFESTUAC:"level='asInvoker' uiAccess='false'" /manifest:embed /Debug /PDB:"D:\Vishesh\Training\C++\Winsock\WinSock\Server\x64\Debug\Server.pdb" /SUBSYSTEM:CONSOLE /TLBID:1 /DYNAMICBASE /NXCOMPAT /IMPLIB:"D:\Vishesh\Training\C++\Winsock\WinSock\Server\x64\Debug\Server.lib" /MACHINE:X64 x64\Debug\Source.obj
     1>Source.obj : error LNK2019: unresolved external symbol __imp_accept referenced in function main
     1>Source.obj : error LNK2019: unresolved external symbol __imp_bind referenced in function main
     1>Source.obj : error LNK2019: unresolved external symbol __imp_closesocket referenced in function main
     1>Source.obj : error LNK2019: unresolved external symbol __imp_listen referenced in function main
     1>Source.obj : error LNK2019: unresolved external symbol __imp_recv referenced in function main
     1>Source.obj : error LNK2019: unresolved external symbol __imp_send referenced in function main
     1>Source.obj : error LNK2019: unresolved external symbol __imp_shutdown referenced in function main
     1>Source.obj : error LNK2019: unresolved external symbol __imp_socket referenced in function main
     1>Source.obj : error LNK2019: unresolved external symbol __imp_WSAStartup referenced in function main
     1>Source.obj : error LNK2019: unresolved external symbol __imp_WSACleanup referenced in function main
     1>Source.obj : error LNK2019: unresolved external symbol __imp_WSAGetLastError referenced in function main
     1>Source.obj : error LNK2019: unresolved external symbol __imp_getaddrinfo referenced in function main
     1>Source.obj : error LNK2019: unresolved external symbol __imp_freeaddrinfo referenced in function main
     1>D:\Vishesh\Training\C++\Winsock\WinSock\Server\x64\Debug\Server.exe : fatal error LNK1120: 13 unresolved externals
     1>Done Building Project "D:\Vishesh\Training\C++\Winsock\WinSock\Server\Server\Server.vcxproj" (Build target(s)) -- FAILED.

Build FAILED.

Time Elapsed 00:00:01.70
