d:\vishesh\training\c++\winsock\server\server\debug\vc140.pdb
d:\vishesh\training\c++\winsock\server\server\debug\vc140.idb
d:\vishesh\training\c++\winsock\server\server\debug\source.obj
d:\vishesh\training\c++\winsock\winsock\server\server\debug\vc140.pdb
d:\vishesh\training\c++\winsock\winsock\server\server\debug\vc140.idb
d:\vishesh\training\c++\winsock\winsock\server\server\debug\source.obj
d:\vishesh\training\c++\winsock\server\debug\server.ilk
d:\vishesh\training\c++\winsock\server\debug\server.exe
d:\vishesh\training\c++\winsock\server\debug\server.pdb
d:\vishesh\training\c++\winsock\winsock\server\debug\server.pdb
d:\vishesh\training\c++\winsock\winsock\server\server\debug\server.tlog\cl.command.1.tlog
d:\vishesh\training\c++\winsock\winsock\server\server\debug\server.tlog\cl.read.1.tlog
d:\vishesh\training\c++\winsock\winsock\server\server\debug\server.tlog\cl.write.1.tlog
d:\vishesh\training\c++\winsock\winsock\server\server\debug\server.tlog\link-cvtres.read.1.tlog
d:\vishesh\training\c++\winsock\winsock\server\server\debug\server.tlog\link-cvtres.write.1.tlog
d:\vishesh\training\c++\winsock\winsock\server\server\debug\server.tlog\link-rc.read.1.tlog
d:\vishesh\training\c++\winsock\winsock\server\server\debug\server.tlog\link-rc.write.1.tlog
d:\vishesh\training\c++\winsock\winsock\server\server\debug\server.tlog\link.command.1.tlog
d:\vishesh\training\c++\winsock\winsock\server\server\debug\server.tlog\link.read.1.tlog
d:\vishesh\training\c++\winsock\winsock\server\server\debug\server.tlog\link.write.1.tlog
